app/build/intermediates/manifest_merge_blame_file/debug/processDebugMainManifest/manifest-merger-blame-debug-report.txt
1<?xml version="1.0" encoding="utf-8"?>
2<manifest xmlns:android="http://schemas.android.com/apk/res/android"
3    package="com.example.ecoflow"
4    android:versionCode="1"
5    android:versionName="1.0" >
6
7    <uses-sdk
8        android:minSdkVersion="24"
9        android:targetSdkVersion="34" />
10
11    <!-- Although the *SdkVersion is captured in gradle build files, this is required for non gradle builds -->
12    <!-- <uses-sdk android:minSdkVersion="21"/> -->
13    <uses-permission android:name="android.permission.ACCESS_NETWORK_STATE" />
13-->[com.google.firebase:firebase-database:21.0.0] AndroidManifest.xml:22:5-79
13-->[com.google.firebase:firebase-database:21.0.0] AndroidManifest.xml:22:22-76
14    <uses-permission android:name="android.permission.INTERNET" />
14-->[com.google.firebase:firebase-database:21.0.0] AndroidManifest.xml:23:5-67
14-->[com.google.firebase:firebase-database:21.0.0] AndroidManifest.xml:23:22-64
15
16    <permission
16-->[androidx.core:core:1.9.0] AndroidManifest.xml:22:5-24:47
17        android:name="com.example.ecoflow.DYNAMIC_RECEIVER_NOT_EXPORTED_PERMISSION"
17-->[androidx.core:core:1.9.0] AndroidManifest.xml:23:9-81
18        android:protectionLevel="signature" />
18-->[androidx.core:core:1.9.0] AndroidManifest.xml:24:9-44
19
20    <uses-permission android:name="com.example.ecoflow.DYNAMIC_RECEIVER_NOT_EXPORTED_PERMISSION" />
20-->[androidx.core:core:1.9.0] AndroidManifest.xml:26:5-97
20-->[androidx.core:core:1.9.0] AndroidManifest.xml:26:22-94
21
22    <application
22-->src\main\AndroidManifest.xml:5:5-37:19
23        android:allowBackup="true"
23-->src\main\AndroidManifest.xml:6:9-35
24        android:appComponentFactory="androidx.core.app.CoreComponentFactory"
24-->[androidx.core:core:1.9.0] AndroidManifest.xml:28:18-86
25        android:dataExtractionRules="@xml/data_extraction_rules"
25-->src\main\AndroidManifest.xml:7:9-65
26        android:debuggable="true"
27        android:extractNativeLibs="false"
28        android:fullBackupContent="@xml/backup_rules"
28-->src\main\AndroidManifest.xml:8:9-54
29        android:icon="@mipmap/ic_launcher"
29-->src\main\AndroidManifest.xml:9:9-43
30        android:label="@string/app_name"
30-->src\main\AndroidManifest.xml:10:9-41
31        android:roundIcon="@mipmap/ic_launcher_round"
31-->src\main\AndroidManifest.xml:11:9-54
32        android:supportsRtl="true"
32-->src\main\AndroidManifest.xml:12:9-35
33        android:testOnly="true"
34        android:theme="@style/Theme.EcoFlow" >
34-->src\main\AndroidManifest.xml:13:9-45
35        <activity
35-->src\main\AndroidManifest.xml:15:9-17:40
36            android:name="com.example.ecoflow.SignUp"
36-->src\main\AndroidManifest.xml:16:13-35
37            android:exported="false" />
37-->src\main\AndroidManifest.xml:17:13-37
38        <activity
38-->src\main\AndroidManifest.xml:18:9-20:40
39            android:name="com.example.ecoflow.Login"
39-->src\main\AndroidManifest.xml:19:13-34
40            android:exported="false" />
40-->src\main\AndroidManifest.xml:20:13-37
41        <activity
41-->src\main\AndroidManifest.xml:21:9-23:40
42            android:name="com.example.ecoflow.Dashboard"
42-->src\main\AndroidManifest.xml:22:13-38
43            android:exported="false" />
43-->src\main\AndroidManifest.xml:23:13-37
44        <activity
44-->src\main\AndroidManifest.xml:24:9-32:20
45            android:name="com.example.ecoflow.MainActivity"
45-->src\main\AndroidManifest.xml:25:13-41
46            android:exported="true" >
46-->src\main\AndroidManifest.xml:26:13-36
47            <intent-filter>
47-->src\main\AndroidManifest.xml:27:13-31:29
48                <action android:name="android.intent.action.MAIN" />
48-->src\main\AndroidManifest.xml:28:17-69
48-->src\main\AndroidManifest.xml:28:25-66
49
50                <category android:name="android.intent.category.LAUNCHER" />
50-->src\main\AndroidManifest.xml:30:17-77
50-->src\main\AndroidManifest.xml:30:27-74
51            </intent-filter>
52        </activity>
53
54        <meta-data
54-->src\main\AndroidManifest.xml:34:9-36:57
55            android:name="preloaded_fonts"
55-->src\main\AndroidManifest.xml:35:13-43
56            android:resource="@array/preloaded_fonts" />
56-->src\main\AndroidManifest.xml:36:13-54
57
58        <service
58-->[com.google.firebase:firebase-database:21.0.0] AndroidManifest.xml:26:9-35:19
59            android:name="com.google.firebase.components.ComponentDiscoveryService"
59-->[com.google.firebase:firebase-database:21.0.0] AndroidManifest.xml:27:13-84
60            android:directBootAware="true"
60-->[com.google.firebase:firebase-common:21.0.0] AndroidManifest.xml:32:13-43
61            android:exported="false" >
61-->[com.google.firebase:firebase-database:21.0.0] AndroidManifest.xml:28:13-37
62            <meta-data
62-->[com.google.firebase:firebase-database:21.0.0] AndroidManifest.xml:29:13-31:85
63                android:name="com.google.firebase.components:com.google.firebase.database.FirebaseDatabaseKtxRegistrar"
63-->[com.google.firebase:firebase-database:21.0.0] AndroidManifest.xml:30:17-120
64                android:value="com.google.firebase.components.ComponentRegistrar" />
64-->[com.google.firebase:firebase-database:21.0.0] AndroidManifest.xml:31:17-82
65            <meta-data
65-->[com.google.firebase:firebase-database:21.0.0] AndroidManifest.xml:32:13-34:85
66                android:name="com.google.firebase.components:com.google.firebase.database.DatabaseRegistrar"
66-->[com.google.firebase:firebase-database:21.0.0] AndroidManifest.xml:33:17-109
67                android:value="com.google.firebase.components.ComponentRegistrar" />
67-->[com.google.firebase:firebase-database:21.0.0] AndroidManifest.xml:34:17-82
68            <meta-data
68-->[com.google.firebase:firebase-common-ktx:21.0.0] AndroidManifest.xml:12:13-14:85
69                android:name="com.google.firebase.components:com.google.firebase.ktx.FirebaseCommonLegacyRegistrar"
69-->[com.google.firebase:firebase-common-ktx:21.0.0] AndroidManifest.xml:13:17-116
70                android:value="com.google.firebase.components.ComponentRegistrar" />
70-->[com.google.firebase:firebase-common-ktx:21.0.0] AndroidManifest.xml:14:17-82
71            <meta-data
71-->[com.google.firebase:firebase-common:21.0.0] AndroidManifest.xml:35:13-37:85
72                android:name="com.google.firebase.components:com.google.firebase.FirebaseCommonKtxRegistrar"
72-->[com.google.firebase:firebase-common:21.0.0] AndroidManifest.xml:36:17-109
73                android:value="com.google.firebase.components.ComponentRegistrar" />
73-->[com.google.firebase:firebase-common:21.0.0] AndroidManifest.xml:37:17-82
74        </service>
75
76        <activity
76-->[com.google.android.gms:play-services-base:18.1.0] AndroidManifest.xml:20:9-22:45
77            android:name="com.google.android.gms.common.api.GoogleApiActivity"
77-->[com.google.android.gms:play-services-base:18.1.0] AndroidManifest.xml:20:19-85
78            android:exported="false"
78-->[com.google.android.gms:play-services-base:18.1.0] AndroidManifest.xml:22:19-43
79            android:theme="@android:style/Theme.Translucent.NoTitleBar" />
79-->[com.google.android.gms:play-services-base:18.1.0] AndroidManifest.xml:21:19-78
80
81        <provider
81-->[com.google.firebase:firebase-common:21.0.0] AndroidManifest.xml:23:9-28:39
82            android:name="com.google.firebase.provider.FirebaseInitProvider"
82-->[com.google.firebase:firebase-common:21.0.0] AndroidManifest.xml:24:13-77
83            android:authorities="com.example.ecoflow.firebaseinitprovider"
83-->[com.google.firebase:firebase-common:21.0.0] AndroidManifest.xml:25:13-72
84            android:directBootAware="true"
84-->[com.google.firebase:firebase-common:21.0.0] AndroidManifest.xml:26:13-43
85            android:exported="false"
85-->[com.google.firebase:firebase-common:21.0.0] AndroidManifest.xml:27:13-37
86            android:initOrder="100" />
86-->[com.google.firebase:firebase-common:21.0.0] AndroidManifest.xml:28:13-36
87        <provider
87-->[androidx.emoji2:emoji2:1.2.0] AndroidManifest.xml:24:9-32:20
88            android:name="androidx.startup.InitializationProvider"
88-->[androidx.emoji2:emoji2:1.2.0] AndroidManifest.xml:25:13-67
89            android:authorities="com.example.ecoflow.androidx-startup"
89-->[androidx.emoji2:emoji2:1.2.0] AndroidManifest.xml:26:13-68
90            android:exported="false" >
90-->[androidx.emoji2:emoji2:1.2.0] AndroidManifest.xml:27:13-37
91            <meta-data
91-->[androidx.emoji2:emoji2:1.2.0] AndroidManifest.xml:29:13-31:52
92                android:name="androidx.emoji2.text.EmojiCompatInitializer"
92-->[androidx.emoji2:emoji2:1.2.0] AndroidManifest.xml:30:17-75
93                android:value="androidx.startup" />
93-->[androidx.emoji2:emoji2:1.2.0] AndroidManifest.xml:31:17-49
94            <meta-data
94-->[androidx.lifecycle:lifecycle-process:2.6.1] AndroidManifest.xml:29:13-31:52
95                android:name="androidx.lifecycle.ProcessLifecycleInitializer"
95-->[androidx.lifecycle:lifecycle-process:2.6.1] AndroidManifest.xml:30:17-78
96                android:value="androidx.startup" />
96-->[androidx.lifecycle:lifecycle-process:2.6.1] AndroidManifest.xml:31:17-49
97            <meta-data
97-->[androidx.profileinstaller:profileinstaller:1.3.0] AndroidManifest.xml:29:13-31:52
98                android:name="androidx.profileinstaller.ProfileInstallerInitializer"
98-->[androidx.profileinstaller:profileinstaller:1.3.0] AndroidManifest.xml:30:17-85
99                android:value="androidx.startup" />
99-->[androidx.profileinstaller:profileinstaller:1.3.0] AndroidManifest.xml:31:17-49
100        </provider>
101
102        <meta-data
102-->[com.google.android.gms:play-services-basement:18.3.0] AndroidManifest.xml:21:9-23:69
103            android:name="com.google.android.gms.version"
103-->[com.google.android.gms:play-services-basement:18.3.0] AndroidManifest.xml:22:13-58
104            android:value="@integer/google_play_services_version" />
104-->[com.google.android.gms:play-services-basement:18.3.0] AndroidManifest.xml:23:13-66
105
106        <receiver
106-->[androidx.profileinstaller:profileinstaller:1.3.0] AndroidManifest.xml:34:9-52:20
107            android:name="androidx.profileinstaller.ProfileInstallReceiver"
107-->[androidx.profileinstaller:profileinstaller:1.3.0] AndroidManifest.xml:35:13-76
108            android:directBootAware="false"
108-->[androidx.profileinstaller:profileinstaller:1.3.0] AndroidManifest.xml:36:13-44
109            android:enabled="true"
109-->[androidx.profileinstaller:profileinstaller:1.3.0] AndroidManifest.xml:37:13-35
110            android:exported="true"
110-->[androidx.profileinstaller:profileinstaller:1.3.0] AndroidManifest.xml:38:13-36
111            android:permission="android.permission.DUMP" >
111-->[androidx.profileinstaller:profileinstaller:1.3.0] AndroidManifest.xml:39:13-57
112            <intent-filter>
112-->[androidx.profileinstaller:profileinstaller:1.3.0] AndroidManifest.xml:40:13-42:29
113                <action android:name="androidx.profileinstaller.action.INSTALL_PROFILE" />
113-->[androidx.profileinstaller:profileinstaller:1.3.0] AndroidManifest.xml:41:17-91
113-->[androidx.profileinstaller:profileinstaller:1.3.0] AndroidManifest.xml:41:25-88
114            </intent-filter>
115            <intent-filter>
115-->[androidx.profileinstaller:profileinstaller:1.3.0] AndroidManifest.xml:43:13-45:29
116                <action android:name="androidx.profileinstaller.action.SKIP_FILE" />
116-->[androidx.profileinstaller:profileinstaller:1.3.0] AndroidManifest.xml:44:17-85
116-->[androidx.profileinstaller:profileinstaller:1.3.0] AndroidManifest.xml:44:25-82
117            </intent-filter>
118            <intent-filter>
118-->[androidx.profileinstaller:profileinstaller:1.3.0] AndroidManifest.xml:46:13-48:29
119                <action android:name="androidx.profileinstaller.action.SAVE_PROFILE" />
119-->[androidx.profileinstaller:profileinstaller:1.3.0] AndroidManifest.xml:47:17-88
119-->[androidx.profileinstaller:profileinstaller:1.3.0] AndroidManifest.xml:47:25-85
120            </intent-filter>
121            <intent-filter>
121-->[androidx.profileinstaller:profileinstaller:1.3.0] AndroidManifest.xml:49:13-51:29
122                <action android:name="androidx.profileinstaller.action.BENCHMARK_OPERATION" />
122-->[androidx.profileinstaller:profileinstaller:1.3.0] AndroidManifest.xml:50:17-95
122-->[androidx.profileinstaller:profileinstaller:1.3.0] AndroidManifest.xml:50:25-92
123            </intent-filter>
124        </receiver>
125    </application>
126
127</manifest>